2024-08-17 18:12:22 - Head: (10, 11), Food: (17, 1), Move: (0, 1), Confidence: 100.00%
2024-08-17 18:12:22 - Head: (10, 12), Food: (17, 1), Move: (0, 1), Confidence: 100.00%
2024-08-17 18:12:22 - Head: (10, 13), Food: (17, 1), Move: (0, 1), Confidence: 100.00%
2024-08-17 18:12:22 - Head: (10, 14), Food: (17, 1), Move: (0, 1), Confidence: 100.00%
2024-08-17 18:12:22 - Head: (10, 15), Food: (17, 1), Move: (0, 1), Confidence: 100.00%
2024-08-17 18:12:22 - Head: (10, 16), Food: (17, 1), Move: (0, 1), Confidence: 100.00%
2024-08-17 18:12:22 - Head: (10, 17), Food: (17, 1), Move: (0, 1), Confidence: 100.00%
2024-08-17 18:12:22 - Head: (10, 18), Food: (17, 1), Move: (0, 1), Confidence: 100.00%
2024-08-17 18:12:22 - Head: (10, 19), Food: (17, 1), Move: (0, 1), Confidence: 100.00%
2024-08-17 18:12:23 - Head: (10, 0), Food: (17, 1), Move: (0, 1), Confidence: 100.00%
2024-08-17 18:12:23 - Head: (10, 1), Food: (17, 1), Move: (0, 1), Confidence: 82.38%
2024-08-17 18:12:23 - Head: (9, 1), Food: (17, 1), Move: (-1, 0), Confidence: 88.36%
2024-08-17 18:12:23 - Head: (8, 1), Food: (17, 1), Move: (-1, 0), Confidence: 94.98%
2024-08-17 18:12:23 - Head: (7, 1), Food: (17, 1), Move: (-1, 0), Confidence: 97.88%
2024-08-17 18:12:23 - Head: (6, 1), Food: (17, 1), Move: (-1, 0), Confidence: 99.12%
2024-08-17 18:12:23 - Head: (5, 1), Food: (17, 1), Move: (-1, 0), Confidence: 99.72%
2024-08-17 18:12:23 - Head: (4, 1), Food: (17, 1), Move: (-1, 0), Confidence: 99.93%
2024-08-17 18:12:23 - Head: (3, 1), Food: (17, 1), Move: (-1, 0), Confidence: 99.99%
2024-08-17 18:12:23 - Head: (2, 1), Food: (17, 1), Move: (-1, 0), Confidence: 100.00%
2024-08-17 18:12:24 - Head: (1, 1), Food: (17, 1), Move: (-1, 0), Confidence: 100.00%
2024-08-17 18:12:24 - Head: (0, 1), Food: (17, 1), Move: (-1, 0), Confidence: 100.00%
2024-08-17 18:12:24 - Head: (19, 1), Food: (17, 1), Move: (-1, 0), Confidence: 100.00%
2024-08-17 18:12:24 - Head: (18, 1), Food: (17, 1), Move: (-1, 0), Confidence: 99.98%
2024-08-17 18:12:24 - Head: (17, 1), Food: (17, 1), Move: (-1, 0), Confidence: 100.00%
2024-08-17 18:12:24 - Snake ate food! New length: 2
2024-08-17 18:12:24 - Head: (16, 1), Food: (1, 2), Move: (-1, 0), Confidence: 100.00%
2024-08-17 18:12:24 - Head: (15, 1), Food: (1, 2), Move: (-1, 0), Confidence: 100.00%
2024-08-17 18:12:24 - Head: (14, 1), Food: (1, 2), Move: (-1, 0), Confidence: 100.00%
2024-08-17 18:12:24 - Head: (13, 1), Food: (1, 2), Move: (-1, 0), Confidence: 100.00%
2024-08-17 18:12:24 - Head: (12, 1), Food: (1, 2), Move: (-1, 0), Confidence: 100.00%
2024-08-17 18:12:25 - Head: (11, 1), Food: (1, 2), Move: (-1, 0), Confidence: 99.97%
2024-08-17 18:12:25 - Head: (10, 1), Food: (1, 2), Move: (-1, 0), Confidence: 88.37%
2024-08-17 18:12:25 - Head: (10, 2), Food: (1, 2), Move: (0, 1), Confidence: 95.34%
2024-08-17 18:12:25 - Head: (11, 2), Food: (1, 2), Move: (1, 0), Confidence: 100.00%
2024-08-17 18:12:25 - Head: (12, 2), Food: (1, 2), Move: (1, 0), Confidence: 100.00%
2024-08-17 18:12:25 - Head: (13, 2), Food: (1, 2), Move: (1, 0), Confidence: 100.00%
2024-08-17 18:12:25 - Head: (14, 2), Food: (1, 2), Move: (1, 0), Confidence: 100.00%
2024-08-17 18:12:25 - Head: (15, 2), Food: (1, 2), Move: (1, 0), Confidence: 100.00%
2024-08-17 18:12:25 - Head: (16, 2), Food: (1, 2), Move: (1, 0), Confidence: 100.00%
2024-08-17 18:12:25 - Head: (17, 2), Food: (1, 2), Move: (1, 0), Confidence: 100.00%
2024-08-17 18:12:26 - Head: (18, 2), Food: (1, 2), Move: (1, 0), Confidence: 100.00%
2024-08-17 18:12:26 - Head: (19, 2), Food: (1, 2), Move: (1, 0), Confidence: 100.00%
2024-08-17 18:12:26 - Head: (0, 2), Food: (1, 2), Move: (1, 0), Confidence: 100.00%
2024-08-17 18:12:26 - Head: (1, 2), Food: (1, 2), Move: (1, 0), Confidence: 60.83%
2024-08-17 18:12:26 - Snake ate food! New length: 3
2024-08-17 18:12:26 - Head: (2, 2), Food: (11, 7), Move: (1, 0), Confidence: 84.41%
2024-08-17 18:12:26 - Head: (3, 2), Food: (11, 7), Move: (1, 0), Confidence: 86.92%
2024-08-17 18:12:26 - Head: (4, 2), Food: (11, 7), Move: (1, 0), Confidence: 88.90%
2024-08-17 18:12:26 - Head: (5, 2), Food: (11, 7), Move: (1, 0), Confidence: 90.43%
2024-08-17 18:12:26 - Head: (6, 2), Food: (11, 7), Move: (1, 0), Confidence: 92.75%
2024-08-17 18:12:26 - Head: (7, 2), Food: (11, 7), Move: (1, 0), Confidence: 90.29%
2024-08-17 18:12:27 - Head: (7, 3), Food: (11, 7), Move: (0, 1), Confidence: 81.50%
2024-08-17 18:12:27 - Head: (6, 3), Food: (11, 7), Move: (-1, 0), Confidence: 82.17%
2024-08-17 18:12:27 - Head: (5, 3), Food: (11, 7), Move: (-1, 0), Confidence: 80.73%
2024-08-17 18:12:27 - Head: (4, 3), Food: (11, 7), Move: (-1, 0), Confidence: 75.31%
2024-08-17 18:12:27 - Head: (3, 3), Food: (11, 7), Move: (-1, 0), Confidence: 74.34%
2024-08-17 18:12:27 - Head: (2, 3), Food: (11, 7), Move: (-1, 0), Confidence: 70.98%
2024-08-17 18:12:27 - Head: (1, 3), Food: (11, 7), Move: (-1, 0), Confidence: 70.34%
2024-08-17 18:12:27 - Head: (0, 3), Food: (11, 7), Move: (-1, 0), Confidence: 72.35%
2024-08-17 18:12:27 - Head: (19, 3), Food: (11, 7), Move: (-1, 0), Confidence: 62.81%
2024-08-17 18:12:27 - Head: (18, 3), Food: (11, 7), Move: (-1, 0), Confidence: 99.90%
2024-08-17 18:12:28 - Head: (17, 3), Food: (11, 7), Move: (-1, 0), Confidence: 99.94%
2024-08-17 18:12:28 - Head: (16, 3), Food: (11, 7), Move: (-1, 0), Confidence: 99.96%
2024-08-17 18:12:28 - Head: (15, 3), Food: (11, 7), Move: (-1, 0), Confidence: 99.95%
2024-08-17 18:12:28 - Head: (14, 3), Food: (11, 7), Move: (-1, 0), Confidence: 99.82%
2024-08-17 18:12:28 - Head: (13, 3), Food: (11, 7), Move: (-1, 0), Confidence: 58.29%
2024-08-17 18:12:28 - Head: (12, 3), Food: (11, 7), Move: (-1, 0), Confidence: 83.10%
2024-08-17 18:12:28 - Head: (11, 3), Food: (11, 7), Move: (-1, 0), Confidence: 98.09%
2024-08-17 18:12:28 - Head: (10, 3), Food: (11, 7), Move: (-1, 0), Confidence: 78.75%
2024-08-17 18:12:28 - Head: (9, 3), Food: (11, 7), Move: (-1, 0), Confidence: 94.91%
2024-08-17 18:12:28 - Head: (8, 3), Food: (11, 7), Move: (-1, 0), Confidence: 81.44%
2024-08-17 18:12:29 - Head: (8, 4), Food: (11, 7), Move: (0, 1), Confidence: 37.40%
2024-08-17 18:12:29 - Head: (7, 4), Food: (11, 7), Move: (-1, 0), Confidence: 58.27%
2024-08-17 18:12:29 - Head: (6, 4), Food: (11, 7), Move: (-1, 0), Confidence: 54.51%
2024-08-17 18:12:29 - Head: (5, 4), Food: (11, 7), Move: (-1, 0), Confidence: 50.13%
2024-08-17 18:12:29 - Head: (4, 4), Food: (11, 7), Move: (-1, 0), Confidence: 51.94%
2024-08-17 18:12:29 - Head: (3, 4), Food: (11, 7), Move: (-1, 0), Confidence: 58.04%
2024-08-17 18:12:29 - Head: (2, 4), Food: (11, 7), Move: (-1, 0), Confidence: 58.04%
2024-08-17 18:12:29 - Head: (1, 4), Food: (11, 7), Move: (-1, 0), Confidence: 55.87%
2024-08-17 18:12:29 - Head: (1, 5), Food: (11, 7), Move: (0, 1), Confidence: 63.58%
2024-08-17 18:12:29 - Head: (1, 6), Food: (11, 7), Move: (0, 1), Confidence: 87.92%
2024-08-17 18:12:30 - Head: (1, 7), Food: (11, 7), Move: (0, 1), Confidence: 95.24%
2024-08-17 18:12:30 - Head: (0, 7), Food: (11, 7), Move: (-1, 0), Confidence: 99.81%
2024-08-17 18:12:30 - Head: (19, 7), Food: (11, 7), Move: (-1, 0), Confidence: 99.96%
2024-08-17 18:12:30 - Head: (18, 7), Food: (11, 7), Move: (-1, 0), Confidence: 100.00%
2024-08-17 18:12:30 - Head: (17, 7), Food: (11, 7), Move: (-1, 0), Confidence: 100.00%
2024-08-17 18:12:30 - Head: (16, 7), Food: (11, 7), Move: (-1, 0), Confidence: 100.00%
2024-08-17 18:12:30 - Head: (15, 7), Food: (11, 7), Move: (-1, 0), Confidence: 99.98%
2024-08-17 18:12:30 - Head: (14, 7), Food: (11, 7), Move: (-1, 0), Confidence: 99.84%
2024-08-17 18:12:30 - Head: (13, 7), Food: (11, 7), Move: (-1, 0), Confidence: 71.17%
2024-08-17 18:12:30 - Head: (12, 7), Food: (11, 7), Move: (-1, 0), Confidence: 77.21%
2024-08-17 18:12:31 - Head: (11, 7), Food: (11, 7), Move: (-1, 0), Confidence: 90.08%
2024-08-17 18:12:31 - Snake ate food! New length: 4
2024-08-17 18:12:31 - Head: (11, 8), Food: (19, 16), Move: (0, 1), Confidence: 99.97%
2024-08-17 18:12:31 - Head: (11, 9), Food: (19, 16), Move: (0, 1), Confidence: 99.89%
2024-08-17 18:12:31 - Head: (11, 10), Food: (19, 16), Move: (0, 1), Confidence: 99.51%
2024-08-17 18:12:31 - Head: (11, 11), Food: (19, 16), Move: (0, 1), Confidence: 78.27%
2024-08-17 18:12:31 - Head: (11, 12), Food: (19, 16), Move: (0, 1), Confidence: 63.64%
2024-08-17 18:12:31 - Head: (11, 13), Food: (19, 16), Move: (0, 1), Confidence: 79.91%
2024-08-17 18:12:31 - Head: (11, 14), Food: (19, 16), Move: (0, 1), Confidence: 87.51%
2024-08-17 18:12:31 - Head: (11, 15), Food: (19, 16), Move: (0, 1), Confidence: 88.25%
2024-08-17 18:12:31 - Head: (11, 16), Food: (19, 16), Move: (0, 1), Confidence: 88.59%
2024-08-17 18:12:32 - Head: (10, 16), Food: (19, 16), Move: (-1, 0), Confidence: 100.00%
2024-08-17 18:12:32 - Head: (9, 16), Food: (19, 16), Move: (-1, 0), Confidence: 99.95%
2024-08-17 18:12:32 - Head: (8, 16), Food: (19, 16), Move: (-1, 0), Confidence: 99.07%
2024-08-17 18:12:32 - Head: (7, 16), Food: (19, 16), Move: (-1, 0), Confidence: 99.62%
2024-08-17 18:12:32 - Head: (6, 16), Food: (19, 16), Move: (-1, 0), Confidence: 99.85%
2024-08-17 18:12:32 - Head: (5, 16), Food: (19, 16), Move: (-1, 0), Confidence: 99.95%
2024-08-17 18:12:32 - Head: (4, 16), Food: (19, 16), Move: (-1, 0), Confidence: 99.99%
2024-08-17 18:12:32 - Head: (3, 16), Food: (19, 16), Move: (-1, 0), Confidence: 100.00%
2024-08-17 18:12:32 - Head: (2, 16), Food: (19, 16), Move: (-1, 0), Confidence: 100.00%
2024-08-17 18:12:32 - Head: (1, 16), Food: (19, 16), Move: (-1, 0), Confidence: 100.00%
2024-08-17 18:12:33 - Head: (0, 16), Food: (19, 16), Move: (-1, 0), Confidence: 100.00%
2024-08-17 18:12:33 - Head: (19, 16), Food: (19, 16), Move: (-1, 0), Confidence: 100.00%
2024-08-17 18:12:33 - Snake ate food! New length: 5
2024-08-17 18:12:33 - Head: (19, 17), Food: (19, 6), Move: (0, 1), Confidence: 100.00%
2024-08-17 18:12:33 - Head: (19, 18), Food: (19, 6), Move: (0, 1), Confidence: 100.00%
2024-08-17 18:12:33 - Head: (19, 19), Food: (19, 6), Move: (0, 1), Confidence: 100.00%
2024-08-17 18:12:33 - Head: (19, 0), Food: (19, 6), Move: (0, 1), Confidence: 100.00%
2024-08-17 18:12:33 - Head: (19, 1), Food: (19, 6), Move: (0, 1), Confidence: 65.89%
2024-08-17 18:12:33 - Head: (19, 2), Food: (19, 6), Move: (0, 1), Confidence: 97.80%
2024-08-17 18:12:33 - Head: (19, 3), Food: (19, 6), Move: (0, 1), Confidence: 40.26%
2024-08-17 18:12:33 - Head: (19, 4), Food: (19, 6), Move: (0, 1), Confidence: 61.67%
2024-08-17 18:12:34 - Head: (19, 5), Food: (19, 6), Move: (0, 1), Confidence: 99.17%
2024-08-17 18:12:34 - Head: (19, 6), Food: (19, 6), Move: (0, 1), Confidence: 99.21%
2024-08-17 18:12:34 - Snake ate food! New length: 6
2024-08-17 18:12:34 - Head: (0, 6), Food: (7, 1), Move: (1, 0), Confidence: 100.00%
2024-08-17 18:12:34 - Head: (0, 7), Food: (7, 1), Move: (0, 1), Confidence: 84.31%
2024-08-17 18:12:34 - Head: (0, 8), Food: (7, 1), Move: (0, 1), Confidence: 99.92%
2024-08-17 18:12:34 - Head: (0, 9), Food: (7, 1), Move: (0, 1), Confidence: 100.00%
2024-08-17 18:12:34 - Head: (0, 10), Food: (7, 1), Move: (0, 1), Confidence: 100.00%
2024-08-17 18:12:34 - Head: (0, 11), Food: (7, 1), Move: (0, 1), Confidence: 100.00%
2024-08-17 18:12:34 - Head: (0, 12), Food: (7, 1), Move: (0, 1), Confidence: 100.00%
2024-08-17 18:12:35 - Head: (0, 13), Food: (7, 1), Move: (0, 1), Confidence: 100.00%
2024-08-17 18:12:35 - Head: (0, 14), Food: (7, 1), Move: (0, 1), Confidence: 100.00%
2024-08-17 18:12:35 - Head: (0, 15), Food: (7, 1), Move: (0, 1), Confidence: 100.00%
2024-08-17 18:12:35 - Head: (0, 16), Food: (7, 1), Move: (0, 1), Confidence: 100.00%
2024-08-17 18:12:35 - Head: (0, 17), Food: (7, 1), Move: (0, 1), Confidence: 100.00%
2024-08-17 18:12:35 - Head: (0, 18), Food: (7, 1), Move: (0, 1), Confidence: 100.00%
2024-08-17 18:12:35 - Head: (0, 19), Food: (7, 1), Move: (0, 1), Confidence: 100.00%
2024-08-17 18:12:35 - Head: (0, 0), Food: (7, 1), Move: (0, 1), Confidence: 100.00%
2024-08-17 18:12:35 - Head: (19, 0), Food: (7, 1), Move: (-1, 0), Confidence: 63.20%
2024-08-17 18:12:35 - Head: (18, 0), Food: (7, 1), Move: (-1, 0), Confidence: 100.00%
2024-08-17 18:12:36 - Head: (17, 0), Food: (7, 1), Move: (-1, 0), Confidence: 100.00%
2024-08-17 18:12:36 - Head: (16, 0), Food: (7, 1), Move: (-1, 0), Confidence: 100.00%
2024-08-17 18:12:36 - Head: (15, 0), Food: (7, 1), Move: (-1, 0), Confidence: 99.97%
2024-08-17 18:12:36 - Head: (14, 0), Food: (7, 1), Move: (-1, 0), Confidence: 90.50%
2024-08-17 18:12:36 - Head: (13, 0), Food: (7, 1), Move: (-1, 0), Confidence: 91.59%
2024-08-17 18:12:36 - Head: (12, 0), Food: (7, 1), Move: (-1, 0), Confidence: 90.73%
2024-08-17 18:12:36 - Head: (11, 0), Food: (7, 1), Move: (-1, 0), Confidence: 86.18%
2024-08-17 18:12:36 - Head: (10, 0), Food: (7, 1), Move: (-1, 0), Confidence: 79.97%
2024-08-17 18:12:36 - Head: (10, 1), Food: (7, 1), Move: (0, 1), Confidence: 77.81%
2024-08-17 18:12:36 - Head: (10, 2), Food: (7, 1), Move: (0, 1), Confidence: 51.05%
2024-08-17 18:12:37 - Head: (10, 3), Food: (7, 1), Move: (0, 1), Confidence: 82.03%
2024-08-17 18:12:37 - Head: (10, 4), Food: (7, 1), Move: (0, 1), Confidence: 52.40%
2024-08-17 18:12:37 - Head: (11, 4), Food: (7, 1), Move: (1, 0), Confidence: 70.31%
2024-08-17 18:12:37 - Head: (12, 4), Food: (7, 1), Move: (1, 0), Confidence: 96.49%
2024-08-17 18:12:37 - Head: (13, 4), Food: (7, 1), Move: (1, 0), Confidence: 99.56%
2024-08-17 18:12:37 - Head: (14, 4), Food: (7, 1), Move: (1, 0), Confidence: 99.93%
2024-08-17 18:12:37 - Head: (15, 4), Food: (7, 1), Move: (1, 0), Confidence: 99.99%
2024-08-17 18:12:37 - Head: (16, 4), Food: (7, 1), Move: (1, 0), Confidence: 100.00%
2024-08-17 18:12:37 - Head: (17, 4), Food: (7, 1), Move: (1, 0), Confidence: 100.00%
2024-08-17 18:12:37 - Head: (18, 4), Food: (7, 1), Move: (1, 0), Confidence: 100.00%
2024-08-17 18:12:38 - Head: (19, 4), Food: (7, 1), Move: (1, 0), Confidence: 100.00%
2024-08-17 18:12:38 - Head: (0, 4), Food: (7, 1), Move: (1, 0), Confidence: 100.00%
2024-08-17 18:12:38 - Head: (1, 4), Food: (7, 1), Move: (1, 0), Confidence: 92.49%
2024-08-17 18:12:38 - Head: (2, 4), Food: (7, 1), Move: (1, 0), Confidence: 57.63%
2024-08-17 18:12:38 - Head: (2, 5), Food: (7, 1), Move: (0, 1), Confidence: 73.57%
2024-08-17 18:12:38 - Head: (2, 6), Food: (7, 1), Move: (0, 1), Confidence: 73.53%
2024-08-17 18:12:38 - Head: (2, 7), Food: (7, 1), Move: (0, 1), Confidence: 99.39%
2024-08-17 18:12:38 - Head: (2, 8), Food: (7, 1), Move: (0, 1), Confidence: 100.00%
2024-08-17 18:12:38 - Head: (2, 9), Food: (7, 1), Move: (0, 1), Confidence: 100.00%
2024-08-17 18:12:38 - Head: (2, 10), Food: (7, 1), Move: (0, 1), Confidence: 100.00%
2024-08-17 18:12:39 - Head: (2, 11), Food: (7, 1), Move: (0, 1), Confidence: 100.00%
2024-08-17 18:12:39 - Head: (2, 12), Food: (7, 1), Move: (0, 1), Confidence: 100.00%
2024-08-17 18:12:39 - Head: (2, 13), Food: (7, 1), Move: (0, 1), Confidence: 100.00%
2024-08-17 18:12:39 - Head: (2, 14), Food: (7, 1), Move: (0, 1), Confidence: 100.00%
2024-08-17 18:12:39 - Head: (2, 15), Food: (7, 1), Move: (0, 1), Confidence: 100.00%
2024-08-17 18:12:39 - Head: (2, 16), Food: (7, 1), Move: (0, 1), Confidence: 100.00%
2024-08-17 18:12:39 - Head: (2, 17), Food: (7, 1), Move: (0, 1), Confidence: 100.00%
2024-08-17 18:12:39 - Head: (2, 18), Food: (7, 1), Move: (0, 1), Confidence: 100.00%
2024-08-17 18:12:39 - Head: (2, 19), Food: (7, 1), Move: (0, 1), Confidence: 100.00%
2024-08-17 18:12:39 - Head: (2, 0), Food: (7, 1), Move: (0, 1), Confidence: 100.00%
2024-08-17 18:12:40 - Head: (2, 1), Food: (7, 1), Move: (0, 1), Confidence: 50.28%
2024-08-17 18:12:40 - Head: (1, 1), Food: (7, 1), Move: (-1, 0), Confidence: 92.30%
2024-08-17 18:12:40 - Head: (0, 1), Food: (7, 1), Move: (-1, 0), Confidence: 98.41%
2024-08-17 18:12:40 - Head: (19, 1), Food: (7, 1), Move: (-1, 0), Confidence: 99.75%
2024-08-17 18:12:40 - Head: (18, 1), Food: (7, 1), Move: (-1, 0), Confidence: 100.00%
2024-08-17 18:12:40 - Head: (17, 1), Food: (7, 1), Move: (-1, 0), Confidence: 100.00%
2024-08-17 18:12:40 - Head: (16, 1), Food: (7, 1), Move: (-1, 0), Confidence: 100.00%
2024-08-17 18:12:40 - Head: (15, 1), Food: (7, 1), Move: (-1, 0), Confidence: 100.00%
2024-08-17 18:12:40 - Head: (14, 1), Food: (7, 1), Move: (-1, 0), Confidence: 100.00%
2024-08-17 18:12:40 - Head: (13, 1), Food: (7, 1), Move: (-1, 0), Confidence: 100.00%
2024-08-17 18:12:41 - Head: (12, 1), Food: (7, 1), Move: (-1, 0), Confidence: 99.99%
2024-08-17 18:12:41 - Head: (11, 1), Food: (7, 1), Move: (-1, 0), Confidence: 99.85%
2024-08-17 18:12:41 - Head: (10, 1), Food: (7, 1), Move: (-1, 0), Confidence: 98.53%
2024-08-17 18:12:41 - Head: (10, 2), Food: (7, 1), Move: (0, 1), Confidence: 51.05%
2024-08-17 18:12:41 - Head: (10, 3), Food: (7, 1), Move: (0, 1), Confidence: 82.03%
2024-08-17 18:12:41 - Head: (10, 4), Food: (7, 1), Move: (0, 1), Confidence: 52.40%
2024-08-17 18:12:41 - Head: (11, 4), Food: (7, 1), Move: (1, 0), Confidence: 70.31%
2024-08-17 18:12:41 - Head: (12, 4), Food: (7, 1), Move: (1, 0), Confidence: 96.49%
2024-08-17 18:12:41 - Head: (13, 4), Food: (7, 1), Move: (1, 0), Confidence: 99.56%
2024-08-17 18:12:41 - Head: (14, 4), Food: (7, 1), Move: (1, 0), Confidence: 99.93%
2024-08-17 18:12:42 - Head: (15, 4), Food: (7, 1), Move: (1, 0), Confidence: 99.99%
2024-08-17 18:12:42 - Head: (16, 4), Food: (7, 1), Move: (1, 0), Confidence: 100.00%
2024-08-17 18:12:42 - Head: (17, 4), Food: (7, 1), Move: (1, 0), Confidence: 100.00%
2024-08-17 18:12:42 - Head: (18, 4), Food: (7, 1), Move: (1, 0), Confidence: 100.00%
2024-08-17 18:12:42 - Head: (19, 4), Food: (7, 1), Move: (1, 0), Confidence: 100.00%
2024-08-17 18:12:42 - Head: (0, 4), Food: (7, 1), Move: (1, 0), Confidence: 100.00%
2024-08-17 18:12:42 - Head: (1, 4), Food: (7, 1), Move: (1, 0), Confidence: 92.49%
2024-08-17 18:12:42 - Head: (2, 4), Food: (7, 1), Move: (1, 0), Confidence: 57.63%
2024-08-17 18:12:42 - Head: (2, 5), Food: (7, 1), Move: (0, 1), Confidence: 73.57%
2024-08-17 18:12:42 - Head: (2, 6), Food: (7, 1), Move: (0, 1), Confidence: 73.53%
2024-08-17 18:12:43 - Head: (2, 7), Food: (7, 1), Move: (0, 1), Confidence: 99.39%
2024-08-17 18:12:43 - Head: (2, 8), Food: (7, 1), Move: (0, 1), Confidence: 100.00%
2024-08-17 18:12:43 - Head: (2, 9), Food: (7, 1), Move: (0, 1), Confidence: 100.00%
2024-08-17 18:12:43 - Head: (2, 10), Food: (7, 1), Move: (0, 1), Confidence: 100.00%
2024-08-17 18:12:43 - Head: (2, 11), Food: (7, 1), Move: (0, 1), Confidence: 100.00%
2024-08-17 18:12:43 - Head: (2, 12), Food: (7, 1), Move: (0, 1), Confidence: 100.00%
2024-08-17 18:12:43 - Head: (2, 13), Food: (7, 1), Move: (0, 1), Confidence: 100.00%
2024-08-17 18:12:43 - Head: (2, 14), Food: (7, 1), Move: (0, 1), Confidence: 100.00%
2024-08-17 18:12:43 - Head: (2, 15), Food: (7, 1), Move: (0, 1), Confidence: 100.00%
2024-08-17 18:12:43 - Head: (2, 16), Food: (7, 1), Move: (0, 1), Confidence: 100.00%
2024-08-17 18:12:44 - Head: (2, 17), Food: (7, 1), Move: (0, 1), Confidence: 100.00%
2024-08-17 18:12:44 - Head: (2, 18), Food: (7, 1), Move: (0, 1), Confidence: 100.00%
2024-08-17 18:12:44 - Head: (2, 19), Food: (7, 1), Move: (0, 1), Confidence: 100.00%
2024-08-17 18:12:44 - Head: (2, 0), Food: (7, 1), Move: (0, 1), Confidence: 100.00%
2024-08-17 18:12:44 - Head: (2, 1), Food: (7, 1), Move: (0, 1), Confidence: 50.28%
2024-08-17 18:12:44 - Head: (1, 1), Food: (7, 1), Move: (-1, 0), Confidence: 92.30%
2024-08-17 18:12:44 - Head: (0, 1), Food: (7, 1), Move: (-1, 0), Confidence: 98.41%
2024-08-17 18:12:44 - Head: (19, 1), Food: (7, 1), Move: (-1, 0), Confidence: 99.75%
2024-08-17 18:12:44 - Head: (18, 1), Food: (7, 1), Move: (-1, 0), Confidence: 100.00%
2024-08-17 18:12:44 - Head: (17, 1), Food: (7, 1), Move: (-1, 0), Confidence: 100.00%
2024-08-17 18:12:45 - Head: (16, 1), Food: (7, 1), Move: (-1, 0), Confidence: 100.00%
2024-08-17 18:12:45 - Head: (15, 1), Food: (7, 1), Move: (-1, 0), Confidence: 100.00%
2024-08-17 18:12:45 - Head: (14, 1), Food: (7, 1), Move: (-1, 0), Confidence: 100.00%
2024-08-17 18:12:45 - Head: (13, 1), Food: (7, 1), Move: (-1, 0), Confidence: 100.00%
2024-08-17 18:12:45 - Head: (12, 1), Food: (7, 1), Move: (-1, 0), Confidence: 99.99%
2024-08-17 18:12:45 - Head: (11, 1), Food: (7, 1), Move: (-1, 0), Confidence: 99.85%
2024-08-17 18:12:45 - Head: (10, 1), Food: (7, 1), Move: (-1, 0), Confidence: 98.53%
2024-08-17 18:12:45 - Head: (10, 2), Food: (7, 1), Move: (0, 1), Confidence: 51.05%
2024-08-17 18:12:45 - Head: (10, 3), Food: (7, 1), Move: (0, 1), Confidence: 82.03%
2024-08-17 18:12:45 - Head: (10, 4), Food: (7, 1), Move: (0, 1), Confidence: 52.40%
2024-08-17 18:12:46 - Head: (11, 4), Food: (7, 1), Move: (1, 0), Confidence: 70.31%
2024-08-17 18:12:46 - Head: (12, 4), Food: (7, 1), Move: (1, 0), Confidence: 96.49%
2024-08-17 18:12:46 - Head: (13, 4), Food: (7, 1), Move: (1, 0), Confidence: 99.56%
2024-08-17 18:12:46 - Head: (14, 4), Food: (7, 1), Move: (1, 0), Confidence: 99.93%
2024-08-17 18:12:46 - Head: (15, 4), Food: (7, 1), Move: (1, 0), Confidence: 99.99%
2024-08-17 18:12:46 - Head: (16, 4), Food: (7, 1), Move: (1, 0), Confidence: 100.00%
2024-08-17 18:12:46 - Head: (17, 4), Food: (7, 1), Move: (1, 0), Confidence: 100.00%
2024-08-17 18:12:46 - Head: (18, 4), Food: (7, 1), Move: (1, 0), Confidence: 100.00%
2024-08-17 18:12:46 - Head: (19, 4), Food: (7, 1), Move: (1, 0), Confidence: 100.00%
2024-08-17 18:12:46 - Head: (0, 4), Food: (7, 1), Move: (1, 0), Confidence: 100.00%
2024-08-17 18:12:47 - Head: (1, 4), Food: (7, 1), Move: (1, 0), Confidence: 92.49%
2024-08-17 18:12:47 - Head: (2, 4), Food: (7, 1), Move: (1, 0), Confidence: 57.63%
2024-08-17 18:12:47 - Head: (2, 5), Food: (7, 1), Move: (0, 1), Confidence: 73.57%
2024-08-17 18:12:47 - Head: (2, 6), Food: (7, 1), Move: (0, 1), Confidence: 73.53%
2024-08-17 18:12:47 - Head: (2, 7), Food: (7, 1), Move: (0, 1), Confidence: 99.39%
2024-08-17 18:12:47 - Head: (2, 8), Food: (7, 1), Move: (0, 1), Confidence: 100.00%
2024-08-17 18:12:47 - Head: (2, 9), Food: (7, 1), Move: (0, 1), Confidence: 100.00%
2024-08-17 18:12:47 - Head: (2, 10), Food: (7, 1), Move: (0, 1), Confidence: 100.00%
2024-08-17 18:12:47 - Head: (2, 11), Food: (7, 1), Move: (0, 1), Confidence: 100.00%
2024-08-17 18:12:47 - Head: (2, 12), Food: (7, 1), Move: (0, 1), Confidence: 100.00%
2024-08-17 18:12:48 - Head: (2, 13), Food: (7, 1), Move: (0, 1), Confidence: 100.00%
2024-08-17 18:12:48 - Head: (2, 14), Food: (7, 1), Move: (0, 1), Confidence: 100.00%
2024-08-17 18:12:48 - Head: (2, 15), Food: (7, 1), Move: (0, 1), Confidence: 100.00%
2024-08-17 18:12:48 - Head: (2, 16), Food: (7, 1), Move: (0, 1), Confidence: 100.00%
2024-08-17 18:12:48 - Head: (2, 17), Food: (7, 1), Move: (0, 1), Confidence: 100.00%
2024-08-17 18:12:48 - Head: (2, 18), Food: (7, 1), Move: (0, 1), Confidence: 100.00%
2024-08-17 18:12:48 - Head: (2, 19), Food: (7, 1), Move: (0, 1), Confidence: 100.00%
2024-08-17 18:12:48 - Head: (2, 0), Food: (7, 1), Move: (0, 1), Confidence: 100.00%
2024-08-17 18:12:48 - Head: (2, 1), Food: (7, 1), Move: (0, 1), Confidence: 50.28%
2024-08-17 18:12:49 - Head: (1, 1), Food: (7, 1), Move: (-1, 0), Confidence: 92.30%
2024-08-17 18:12:49 - Head: (0, 1), Food: (7, 1), Move: (-1, 0), Confidence: 98.41%
2024-08-17 18:12:49 - Head: (19, 1), Food: (7, 1), Move: (-1, 0), Confidence: 99.75%
2024-08-17 18:12:49 - Head: (18, 1), Food: (7, 1), Move: (-1, 0), Confidence: 100.00%
2024-08-17 18:12:49 - Head: (17, 1), Food: (7, 1), Move: (-1, 0), Confidence: 100.00%
2024-08-17 18:12:49 - Head: (16, 1), Food: (7, 1), Move: (-1, 0), Confidence: 100.00%
2024-08-17 18:12:49 - Head: (15, 1), Food: (7, 1), Move: (-1, 0), Confidence: 100.00%
2024-08-17 18:12:49 - Head: (14, 1), Food: (7, 1), Move: (-1, 0), Confidence: 100.00%
2024-08-17 18:12:49 - Head: (13, 1), Food: (7, 1), Move: (-1, 0), Confidence: 100.00%
2024-08-17 18:12:49 - Head: (12, 1), Food: (7, 1), Move: (-1, 0), Confidence: 99.99%
2024-08-17 18:12:50 - Head: (11, 1), Food: (7, 1), Move: (-1, 0), Confidence: 99.85%
2024-08-17 18:12:50 - Head: (10, 1), Food: (7, 1), Move: (-1, 0), Confidence: 98.53%
2024-08-17 18:12:50 - Head: (10, 2), Food: (7, 1), Move: (0, 1), Confidence: 51.05%
2024-08-17 18:12:50 - Head: (10, 3), Food: (7, 1), Move: (0, 1), Confidence: 82.03%
2024-08-17 18:12:50 - Head: (10, 4), Food: (7, 1), Move: (0, 1), Confidence: 52.40%
2024-08-17 18:12:50 - Head: (11, 4), Food: (7, 1), Move: (1, 0), Confidence: 70.31%
2024-08-17 18:17:39 - Head: (10, 9), Food: (7, 19), Move: (0, -1), Confidence: 100.00%
2024-08-17 18:17:39 - Head: (10, 8), Food: (7, 19), Move: (0, -1), Confidence: 100.00%
2024-08-17 18:17:39 - Head: (10, 7), Food: (7, 19), Move: (0, -1), Confidence: 100.00%
2024-08-17 18:17:39 - Head: (10, 6), Food: (7, 19), Move: (0, -1), Confidence: 100.00%
2024-08-17 18:17:39 - Head: (10, 5), Food: (7, 19), Move: (0, -1), Confidence: 100.00%
2024-08-17 18:17:40 - Head: (10, 4), Food: (7, 19), Move: (0, -1), Confidence: 100.00%
2024-08-17 18:17:40 - Head: (10, 3), Food: (7, 19), Move: (0, -1), Confidence: 100.00%
2024-08-17 18:17:40 - Head: (10, 2), Food: (7, 19), Move: (0, -1), Confidence: 100.00%
2024-08-17 18:17:40 - Head: (10, 1), Food: (7, 19), Move: (0, -1), Confidence: 100.00%
2024-08-17 18:17:40 - Head: (10, 0), Food: (7, 19), Move: (0, -1), Confidence: 100.00%
2024-08-17 18:17:40 - Head: (10, 19), Food: (7, 19), Move: (0, -1), Confidence: 100.00%
2024-08-17 18:17:40 - Head: (11, 19), Food: (7, 19), Move: (1, 0), Confidence: 99.93%
2024-08-17 18:17:40 - Head: (12, 19), Food: (7, 19), Move: (1, 0), Confidence: 99.99%
2024-08-17 18:17:40 - Head: (13, 19), Food: (7, 19), Move: (1, 0), Confidence: 100.00%
2024-08-17 18:17:40 - Head: (14, 19), Food: (7, 19), Move: (1, 0), Confidence: 100.00%
2024-08-17 18:17:41 - Head: (15, 19), Food: (7, 19), Move: (1, 0), Confidence: 100.00%
2024-08-17 18:17:41 - Head: (16, 19), Food: (7, 19), Move: (1, 0), Confidence: 100.00%
2024-08-17 18:17:41 - Head: (17, 19), Food: (7, 19), Move: (1, 0), Confidence: 100.00%
2024-08-17 18:17:41 - Head: (18, 19), Food: (7, 19), Move: (1, 0), Confidence: 100.00%
2024-08-17 18:17:41 - Head: (19, 19), Food: (7, 19), Move: (1, 0), Confidence: 100.00%
2024-08-17 18:17:41 - Head: (0, 19), Food: (7, 19), Move: (1, 0), Confidence: 100.00%
2024-08-17 18:17:41 - Head: (19, 19), Food: (7, 19), Move: (-1, 0), Confidence: 81.15%
2024-08-17 18:17:41 - Head: (0, 19), Food: (7, 19), Move: (1, 0), Confidence: 100.00%
2024-08-17 18:17:41 - Head: (19, 19), Food: (7, 19), Move: (-1, 0), Confidence: 81.15%
2024-08-17 18:17:41 - Head: (0, 19), Food: (7, 19), Move: (1, 0), Confidence: 100.00%
2024-08-17 18:17:42 - Head: (19, 19), Food: (7, 19), Move: (-1, 0), Confidence: 81.15%
2024-08-17 18:17:42 - Head: (0, 19), Food: (7, 19), Move: (1, 0), Confidence: 100.00%
2024-08-17 18:17:42 - Head: (19, 19), Food: (7, 19), Move: (-1, 0), Confidence: 81.15%
2024-08-17 18:17:42 - Head: (0, 19), Food: (7, 19), Move: (1, 0), Confidence: 100.00%
2024-08-17 18:17:42 - Head: (19, 19), Food: (7, 19), Move: (-1, 0), Confidence: 81.15%
2024-08-17 18:17:42 - Head: (0, 19), Food: (7, 19), Move: (1, 0), Confidence: 100.00%
2024-08-17 18:17:42 - Head: (19, 19), Food: (7, 19), Move: (-1, 0), Confidence: 81.15%
2024-08-17 18:17:42 - Head: (0, 19), Food: (7, 19), Move: (1, 0), Confidence: 100.00%
2024-08-17 18:17:42 - Head: (19, 19), Food: (7, 19), Move: (-1, 0), Confidence: 81.15%
2024-08-17 18:17:42 - Head: (0, 19), Food: (7, 19), Move: (1, 0), Confidence: 100.00%
2024-08-17 18:17:43 - Head: (19, 19), Food: (7, 19), Move: (-1, 0), Confidence: 81.15%
2024-08-17 18:17:43 - Head: (0, 19), Food: (7, 19), Move: (1, 0), Confidence: 100.00%
2024-08-17 18:17:43 - Head: (10, 11), Food: (5, 2), Move: (0, 1), Confidence: 100.00%
2024-08-17 18:17:43 - Head: (10, 12), Food: (5, 2), Move: (0, 1), Confidence: 100.00%
2024-08-17 18:17:43 - Head: (10, 13), Food: (5, 2), Move: (0, 1), Confidence: 100.00%
2024-08-17 18:17:43 - Head: (10, 14), Food: (5, 2), Move: (0, 1), Confidence: 100.00%
2024-08-17 18:17:43 - Head: (10, 15), Food: (5, 2), Move: (0, 1), Confidence: 100.00%
2024-08-17 18:17:43 - Head: (10, 16), Food: (5, 2), Move: (0, 1), Confidence: 100.00%
2024-08-17 18:17:43 - Head: (10, 17), Food: (5, 2), Move: (0, 1), Confidence: 100.00%
2024-08-17 18:17:44 - Head: (10, 18), Food: (5, 2), Move: (0, 1), Confidence: 100.00%
2024-08-17 18:17:44 - Head: (10, 19), Food: (5, 2), Move: (0, 1), Confidence: 100.00%
2024-08-17 18:17:44 - Head: (10, 0), Food: (5, 2), Move: (0, 1), Confidence: 100.00%
2024-08-17 18:17:44 - Head: (11, 0), Food: (5, 2), Move: (1, 0), Confidence: 72.98%
2024-08-17 18:17:44 - Head: (12, 0), Food: (5, 2), Move: (1, 0), Confidence: 62.92%
2024-08-17 18:17:44 - Head: (12, 1), Food: (5, 2), Move: (0, 1), Confidence: 50.42%
2024-08-17 18:17:44 - Head: (12, 2), Food: (5, 2), Move: (0, 1), Confidence: 87.67%
2024-08-17 18:17:44 - Head: (13, 2), Food: (5, 2), Move: (1, 0), Confidence: 100.00%
2024-08-17 18:17:44 - Head: (14, 2), Food: (5, 2), Move: (1, 0), Confidence: 100.00%
2024-08-17 18:17:44 - Head: (15, 2), Food: (5, 2), Move: (1, 0), Confidence: 100.00%
2024-08-17 18:17:45 - Head: (16, 2), Food: (5, 2), Move: (1, 0), Confidence: 100.00%
2024-08-17 18:17:45 - Head: (17, 2), Food: (5, 2), Move: (1, 0), Confidence: 100.00%
2024-08-17 18:17:45 - Head: (18, 2), Food: (5, 2), Move: (1, 0), Confidence: 100.00%
2024-08-17 18:17:45 - Head: (19, 2), Food: (5, 2), Move: (1, 0), Confidence: 100.00%
2024-08-17 18:17:45 - Head: (0, 2), Food: (5, 2), Move: (1, 0), Confidence: 100.00%
2024-08-17 18:17:45 - Head: (19, 2), Food: (5, 2), Move: (-1, 0), Confidence: 82.79%
2024-08-17 18:17:45 - Head: (0, 2), Food: (5, 2), Move: (1, 0), Confidence: 100.00%
2024-08-17 18:17:45 - Head: (19, 2), Food: (5, 2), Move: (-1, 0), Confidence: 82.79%
2024-08-17 18:17:45 - Head: (0, 2), Food: (5, 2), Move: (1, 0), Confidence: 100.00%
2024-08-17 18:17:45 - Head: (19, 2), Food: (5, 2), Move: (-1, 0), Confidence: 82.79%
2024-08-17 18:17:46 - Head: (0, 2), Food: (5, 2), Move: (1, 0), Confidence: 100.00%
2024-08-17 18:17:46 - Head: (19, 2), Food: (5, 2), Move: (-1, 0), Confidence: 82.79%
2024-08-17 18:17:46 - Head: (0, 2), Food: (5, 2), Move: (1, 0), Confidence: 100.00%
2024-08-17 18:17:46 - Head: (19, 2), Food: (5, 2), Move: (-1, 0), Confidence: 82.79%
2024-08-17 18:17:46 - Head: (0, 2), Food: (5, 2), Move: (1, 0), Confidence: 100.00%
2024-08-17 18:17:46 - Head: (19, 2), Food: (5, 2), Move: (-1, 0), Confidence: 82.79%
2024-08-17 18:17:46 - Head: (0, 2), Food: (5, 2), Move: (1, 0), Confidence: 100.00%
2024-08-17 18:17:46 - Head: (19, 2), Food: (5, 2), Move: (-1, 0), Confidence: 82.79%
2024-08-17 18:17:46 - Head: (0, 2), Food: (5, 2), Move: (1, 0), Confidence: 100.00%
2024-08-17 18:17:46 - Head: (10, 9), Food: (8, 19), Move: (0, -1), Confidence: 99.96%
2024-08-17 18:17:47 - Head: (10, 8), Food: (8, 19), Move: (0, -1), Confidence: 99.99%
2024-08-17 18:17:47 - Head: (10, 7), Food: (8, 19), Move: (0, -1), Confidence: 100.00%
2024-08-17 18:17:47 - Head: (10, 6), Food: (8, 19), Move: (0, -1), Confidence: 100.00%
2024-08-17 18:17:47 - Head: (10, 5), Food: (8, 19), Move: (0, -1), Confidence: 100.00%
2024-08-17 18:17:47 - Head: (10, 4), Food: (8, 19), Move: (0, -1), Confidence: 100.00%
2024-08-17 18:17:47 - Head: (10, 3), Food: (8, 19), Move: (0, -1), Confidence: 100.00%
2024-08-17 18:17:47 - Head: (10, 2), Food: (8, 19), Move: (0, -1), Confidence: 100.00%
2024-08-17 18:17:47 - Head: (10, 1), Food: (8, 19), Move: (0, -1), Confidence: 100.00%
2024-08-17 18:17:47 - Head: (10, 0), Food: (8, 19), Move: (0, -1), Confidence: 100.00%
2024-08-17 18:17:47 - Head: (10, 19), Food: (8, 19), Move: (0, -1), Confidence: 100.00%
2024-08-17 18:17:48 - Head: (11, 19), Food: (8, 19), Move: (1, 0), Confidence: 92.09%
2024-08-17 18:17:48 - Head: (12, 19), Food: (8, 19), Move: (1, 0), Confidence: 99.95%
2024-08-17 18:17:48 - Head: (13, 19), Food: (8, 19), Move: (1, 0), Confidence: 100.00%
2024-08-17 18:17:48 - Head: (14, 19), Food: (8, 19), Move: (1, 0), Confidence: 100.00%
2024-08-17 18:17:48 - Head: (15, 19), Food: (8, 19), Move: (1, 0), Confidence: 100.00%
2024-08-17 18:17:48 - Head: (16, 19), Food: (8, 19), Move: (1, 0), Confidence: 100.00%
2024-08-17 18:17:48 - Head: (17, 19), Food: (8, 19), Move: (1, 0), Confidence: 100.00%
2024-08-17 18:17:48 - Head: (18, 19), Food: (8, 19), Move: (1, 0), Confidence: 100.00%
2024-08-17 18:17:48 - Head: (19, 19), Food: (8, 19), Move: (1, 0), Confidence: 100.00%
2024-08-17 18:17:48 - Head: (0, 19), Food: (8, 19), Move: (1, 0), Confidence: 100.00%
2024-08-17 18:17:49 - Head: (19, 19), Food: (8, 19), Move: (-1, 0), Confidence: 91.59%
2024-08-17 18:17:49 - Head: (0, 19), Food: (8, 19), Move: (1, 0), Confidence: 100.00%
2024-08-17 18:17:49 - Head: (19, 19), Food: (8, 19), Move: (-1, 0), Confidence: 91.59%
2024-08-17 18:17:49 - Head: (0, 19), Food: (8, 19), Move: (1, 0), Confidence: 100.00%
2024-08-17 18:17:49 - Head: (19, 19), Food: (8, 19), Move: (-1, 0), Confidence: 91.59%
2024-08-17 18:17:49 - Head: (0, 19), Food: (8, 19), Move: (1, 0), Confidence: 100.00%
2024-08-17 18:17:49 - Head: (19, 19), Food: (8, 19), Move: (-1, 0), Confidence: 91.59%
2024-08-17 18:17:49 - Head: (0, 19), Food: (8, 19), Move: (1, 0), Confidence: 100.00%
2024-08-17 18:17:49 - Head: (19, 19), Food: (8, 19), Move: (-1, 0), Confidence: 91.59%
2024-08-17 18:17:49 - Head: (0, 19), Food: (8, 19), Move: (1, 0), Confidence: 100.00%
2024-08-17 18:17:50 - Head: (19, 19), Food: (8, 19), Move: (-1, 0), Confidence: 91.59%
2024-08-17 18:17:50 - Head: (0, 19), Food: (8, 19), Move: (1, 0), Confidence: 100.00%
2024-08-17 18:17:50 - Head: (19, 19), Food: (8, 19), Move: (-1, 0), Confidence: 91.59%
2024-08-17 18:17:50 - Head: (10, 9), Food: (8, 13), Move: (0, -1), Confidence: 46.04%
2024-08-17 18:17:50 - Head: (10, 8), Food: (8, 13), Move: (0, -1), Confidence: 52.11%
2024-08-17 18:17:50 - Head: (10, 7), Food: (8, 13), Move: (0, -1), Confidence: 68.05%
2024-08-17 18:17:50 - Head: (10, 6), Food: (8, 13), Move: (0, -1), Confidence: 94.42%
2024-08-17 18:17:50 - Head: (10, 5), Food: (8, 13), Move: (0, -1), Confidence: 98.97%
2024-08-17 18:17:50 - Head: (10, 4), Food: (8, 13), Move: (0, -1), Confidence: 99.82%
2024-08-17 18:17:50 - Head: (10, 3), Food: (8, 13), Move: (0, -1), Confidence: 99.96%
2024-08-17 18:17:51 - Head: (10, 2), Food: (8, 13), Move: (0, -1), Confidence: 99.99%
2024-08-17 18:17:51 - Head: (10, 1), Food: (8, 13), Move: (0, -1), Confidence: 100.00%
2024-08-17 18:17:51 - Head: (10, 0), Food: (8, 13), Move: (0, -1), Confidence: 100.00%
2024-08-17 18:17:51 - Head: (10, 19), Food: (8, 13), Move: (0, -1), Confidence: 100.00%
2024-08-17 18:17:51 - Head: (10, 0), Food: (8, 13), Move: (0, 1), Confidence: 100.00%
2024-08-17 18:17:51 - Head: (10, 19), Food: (8, 13), Move: (0, -1), Confidence: 100.00%
2024-08-17 18:17:51 - Head: (10, 0), Food: (8, 13), Move: (0, 1), Confidence: 100.00%
2024-08-17 18:17:51 - Head: (10, 19), Food: (8, 13), Move: (0, -1), Confidence: 100.00%
2024-08-17 18:17:51 - Head: (10, 0), Food: (8, 13), Move: (0, 1), Confidence: 100.00%
2024-08-17 18:17:51 - Head: (10, 19), Food: (8, 13), Move: (0, -1), Confidence: 100.00%
2024-08-17 18:17:52 - Head: (10, 0), Food: (8, 13), Move: (0, 1), Confidence: 100.00%
2024-08-17 18:17:52 - Head: (10, 19), Food: (8, 13), Move: (0, -1), Confidence: 100.00%
2024-08-17 18:17:52 - Head: (10, 0), Food: (8, 13), Move: (0, 1), Confidence: 100.00%
2024-08-17 18:17:52 - Head: (10, 19), Food: (8, 13), Move: (0, -1), Confidence: 100.00%
2024-08-17 18:17:52 - Head: (10, 0), Food: (8, 13), Move: (0, 1), Confidence: 100.00%
2024-08-17 18:17:52 - Head: (10, 11), Food: (18, 1), Move: (0, 1), Confidence: 100.00%
2024-08-17 18:17:52 - Head: (10, 12), Food: (18, 1), Move: (0, 1), Confidence: 100.00%
2024-08-17 18:17:52 - Head: (10, 13), Food: (18, 1), Move: (0, 1), Confidence: 100.00%
2024-08-17 18:17:52 - Head: (10, 14), Food: (18, 1), Move: (0, 1), Confidence: 100.00%
2024-08-17 18:17:52 - Head: (10, 15), Food: (18, 1), Move: (0, 1), Confidence: 100.00%
2024-08-17 18:17:53 - Head: (10, 16), Food: (18, 1), Move: (0, 1), Confidence: 100.00%
2024-08-17 18:17:53 - Head: (10, 17), Food: (18, 1), Move: (0, 1), Confidence: 100.00%
2024-08-17 18:17:53 - Head: (10, 18), Food: (18, 1), Move: (0, 1), Confidence: 100.00%
2024-08-17 18:17:53 - Head: (10, 19), Food: (18, 1), Move: (0, 1), Confidence: 100.00%
2024-08-17 18:17:53 - Head: (10, 0), Food: (18, 1), Move: (0, 1), Confidence: 100.00%
2024-08-17 18:17:53 - Head: (10, 1), Food: (18, 1), Move: (0, 1), Confidence: 91.53%
2024-08-17 18:17:53 - Head: (9, 1), Food: (18, 1), Move: (-1, 0), Confidence: 94.52%
2024-08-17 18:17:53 - Head: (8, 1), Food: (18, 1), Move: (-1, 0), Confidence: 97.68%
2024-08-17 18:17:53 - Head: (7, 1), Food: (18, 1), Move: (-1, 0), Confidence: 99.03%
2024-08-17 18:17:53 - Head: (6, 1), Food: (18, 1), Move: (-1, 0), Confidence: 99.64%
2024-08-17 18:17:54 - Head: (5, 1), Food: (18, 1), Move: (-1, 0), Confidence: 99.90%
2024-08-17 18:17:54 - Head: (4, 1), Food: (18, 1), Move: (-1, 0), Confidence: 99.98%
2024-08-17 18:17:54 - Head: (3, 1), Food: (18, 1), Move: (-1, 0), Confidence: 100.00%
2024-08-17 18:17:54 - Head: (2, 1), Food: (18, 1), Move: (-1, 0), Confidence: 100.00%
2024-08-17 18:17:54 - Head: (1, 1), Food: (18, 1), Move: (-1, 0), Confidence: 100.00%
2024-08-17 18:17:54 - Head: (0, 1), Food: (18, 1), Move: (-1, 0), Confidence: 100.00%
2024-08-17 18:17:54 - Head: (19, 1), Food: (18, 1), Move: (-1, 0), Confidence: 100.00%
2024-08-17 18:17:54 - Head: (18, 1), Food: (18, 1), Move: (-1, 0), Confidence: 100.00%
2024-08-17 18:17:54 - Snake ate food! New length: 2
2024-08-17 18:17:54 - Head: (17, 1), Food: (8, 11), Move: (-1, 0), Confidence: 100.00%
2024-08-17 18:17:54 - Head: (16, 1), Food: (8, 11), Move: (-1, 0), Confidence: 100.00%
2024-08-17 18:17:55 - Head: (15, 1), Food: (8, 11), Move: (-1, 0), Confidence: 100.00%
2024-08-17 18:17:55 - Head: (14, 1), Food: (8, 11), Move: (-1, 0), Confidence: 100.00%
2024-08-17 18:17:55 - Head: (13, 1), Food: (8, 11), Move: (-1, 0), Confidence: 92.40%
2024-08-17 18:17:55 - Head: (13, 0), Food: (8, 11), Move: (0, -1), Confidence: 100.00%
2024-08-17 18:17:55 - Head: (13, 19), Food: (8, 11), Move: (0, -1), Confidence: 100.00%
2024-08-17 18:17:55 - Head: (13, 18), Food: (8, 11), Move: (0, -1), Confidence: 100.00%
2024-08-17 18:17:55 - Head: (13, 17), Food: (8, 11), Move: (0, -1), Confidence: 100.00%
2024-08-17 18:17:55 - Head: (13, 16), Food: (8, 11), Move: (0, -1), Confidence: 97.28%
2024-08-17 18:17:55 - Head: (14, 16), Food: (8, 11), Move: (1, 0), Confidence: 99.72%
2024-08-17 18:17:55 - Head: (15, 16), Food: (8, 11), Move: (1, 0), Confidence: 100.00%
2024-08-17 18:17:56 - Head: (16, 16), Food: (8, 11), Move: (1, 0), Confidence: 100.00%
2024-08-17 18:17:56 - Head: (17, 16), Food: (8, 11), Move: (1, 0), Confidence: 100.00%
2024-08-17 18:17:56 - Head: (18, 16), Food: (8, 11), Move: (1, 0), Confidence: 100.00%
2024-08-17 18:17:56 - Head: (19, 16), Food: (8, 11), Move: (1, 0), Confidence: 100.00%
2024-08-17 18:17:56 - Head: (0, 16), Food: (8, 11), Move: (1, 0), Confidence: 100.00%
2024-08-17 18:17:56 - Head: (0, 17), Food: (8, 11), Move: (0, 1), Confidence: 99.95%
2024-08-17 18:17:56 - Head: (0, 18), Food: (8, 11), Move: (0, 1), Confidence: 100.00%
2024-08-17 18:17:56 - Head: (0, 19), Food: (8, 11), Move: (0, 1), Confidence: 100.00%
2024-08-17 18:17:56 - Head: (0, 0), Food: (8, 11), Move: (0, 1), Confidence: 100.00%
2024-08-17 18:17:56 - Head: (0, 1), Food: (8, 11), Move: (0, 1), Confidence: 97.54%
2024-08-17 18:17:57 - Head: (0, 2), Food: (8, 11), Move: (0, 1), Confidence: 97.34%
2024-08-17 18:17:57 - Head: (0, 3), Food: (8, 11), Move: (0, 1), Confidence: 97.08%
2024-08-17 18:17:57 - Head: (0, 4), Food: (8, 11), Move: (0, 1), Confidence: 66.98%
2024-08-17 18:17:57 - Head: (19, 4), Food: (8, 11), Move: (-1, 0), Confidence: 96.50%
2024-08-17 18:17:57 - Head: (18, 4), Food: (8, 11), Move: (-1, 0), Confidence: 99.99%
2024-08-17 18:17:57 - Head: (17, 4), Food: (8, 11), Move: (-1, 0), Confidence: 100.00%
2024-08-17 18:17:57 - Head: (16, 4), Food: (8, 11), Move: (-1, 0), Confidence: 100.00%
2024-08-17 18:17:57 - Head: (15, 4), Food: (8, 11), Move: (-1, 0), Confidence: 100.00%
2024-08-17 18:17:57 - Head: (14, 4), Food: (8, 11), Move: (-1, 0), Confidence: 100.00%
2024-08-17 18:17:57 - Head: (13, 4), Food: (8, 11), Move: (-1, 0), Confidence: 100.00%
2024-08-17 18:17:58 - Head: (12, 4), Food: (8, 11), Move: (-1, 0), Confidence: 99.99%
2024-08-17 18:17:58 - Head: (12, 3), Food: (8, 11), Move: (0, -1), Confidence: 95.76%
2024-08-17 18:17:58 - Head: (12, 2), Food: (8, 11), Move: (0, -1), Confidence: 99.99%
2024-08-17 18:17:58 - Head: (12, 1), Food: (8, 11), Move: (0, -1), Confidence: 100.00%
2024-08-17 18:17:58 - Head: (12, 0), Food: (8, 11), Move: (0, -1), Confidence: 100.00%
2024-08-17 18:17:58 - Head: (12, 19), Food: (8, 11), Move: (0, -1), Confidence: 100.00%
2024-08-17 18:17:58 - Head: (12, 18), Food: (8, 11), Move: (0, -1), Confidence: 100.00%
2024-08-17 18:17:58 - Head: (12, 17), Food: (8, 11), Move: (0, -1), Confidence: 100.00%
2024-08-17 18:17:58 - Head: (12, 16), Food: (8, 11), Move: (0, -1), Confidence: 100.00%
2024-08-17 18:17:59 - Head: (12, 15), Food: (8, 11), Move: (0, -1), Confidence: 85.26%
2024-08-17 18:17:59 - Head: (13, 15), Food: (8, 11), Move: (1, 0), Confidence: 99.59%
2024-08-17 18:17:59 - Head: (14, 15), Food: (8, 11), Move: (1, 0), Confidence: 99.99%
2024-08-17 18:17:59 - Head: (15, 15), Food: (8, 11), Move: (1, 0), Confidence: 100.00%
2024-08-17 18:17:59 - Head: (16, 15), Food: (8, 11), Move: (1, 0), Confidence: 100.00%
2024-08-17 18:17:59 - Head: (17, 15), Food: (8, 11), Move: (1, 0), Confidence: 100.00%
2024-08-17 18:17:59 - Head: (18, 15), Food: (8, 11), Move: (1, 0), Confidence: 100.00%
2024-08-17 18:17:59 - Head: (19, 15), Food: (8, 11), Move: (1, 0), Confidence: 100.00%
2024-08-17 18:17:59 - Head: (0, 15), Food: (8, 11), Move: (1, 0), Confidence: 100.00%
2024-08-17 18:17:59 - Head: (0, 16), Food: (8, 11), Move: (0, 1), Confidence: 54.49%
2024-08-17 18:18:00 - Head: (0, 17), Food: (8, 11), Move: (0, 1), Confidence: 99.95%
2024-08-17 18:18:00 - Head: (0, 18), Food: (8, 11), Move: (0, 1), Confidence: 100.00%
2024-08-17 18:18:00 - Head: (0, 19), Food: (8, 11), Move: (0, 1), Confidence: 100.00%
2024-08-17 18:18:00 - Head: (0, 0), Food: (8, 11), Move: (0, 1), Confidence: 100.00%
2024-08-17 18:18:00 - Head: (0, 1), Food: (8, 11), Move: (0, 1), Confidence: 97.54%
2024-08-17 18:18:00 - Head: (0, 2), Food: (8, 11), Move: (0, 1), Confidence: 97.34%
2024-08-17 18:18:00 - Head: (0, 3), Food: (8, 11), Move: (0, 1), Confidence: 97.08%
2024-08-17 18:18:00 - Head: (0, 4), Food: (8, 11), Move: (0, 1), Confidence: 66.98%
2024-08-17 18:18:00 - Head: (19, 4), Food: (8, 11), Move: (-1, 0), Confidence: 96.50%
2024-08-17 18:18:00 - Head: (18, 4), Food: (8, 11), Move: (-1, 0), Confidence: 99.99%
2024-08-17 18:18:01 - Head: (17, 4), Food: (8, 11), Move: (-1, 0), Confidence: 100.00%
2024-08-17 18:18:01 - Head: (16, 4), Food: (8, 11), Move: (-1, 0), Confidence: 100.00%
2024-08-17 18:18:01 - Head: (15, 4), Food: (8, 11), Move: (-1, 0), Confidence: 100.00%
2024-08-17 18:18:01 - Head: (14, 4), Food: (8, 11), Move: (-1, 0), Confidence: 100.00%
2024-08-17 18:18:01 - Head: (13, 4), Food: (8, 11), Move: (-1, 0), Confidence: 100.00%
2024-08-17 18:18:01 - Head: (12, 4), Food: (8, 11), Move: (-1, 0), Confidence: 99.99%
2024-08-17 18:18:01 - Head: (12, 3), Food: (8, 11), Move: (0, -1), Confidence: 95.76%
2024-08-17 18:18:01 - Head: (12, 2), Food: (8, 11), Move: (0, -1), Confidence: 99.99%
2024-08-17 18:18:01 - Head: (12, 1), Food: (8, 11), Move: (0, -1), Confidence: 100.00%
2024-08-17 18:18:01 - Head: (12, 0), Food: (8, 11), Move: (0, -1), Confidence: 100.00%
2024-08-17 18:18:02 - Head: (12, 19), Food: (8, 11), Move: (0, -1), Confidence: 100.00%
2024-08-17 18:18:02 - Head: (12, 18), Food: (8, 11), Move: (0, -1), Confidence: 100.00%
2024-08-17 18:18:02 - Head: (12, 17), Food: (8, 11), Move: (0, -1), Confidence: 100.00%
2024-08-17 18:18:02 - Head: (12, 16), Food: (8, 11), Move: (0, -1), Confidence: 100.00%
2024-08-17 18:18:02 - Head: (12, 15), Food: (8, 11), Move: (0, -1), Confidence: 85.26%
2024-08-17 18:18:02 - Head: (13, 15), Food: (8, 11), Move: (1, 0), Confidence: 99.59%
2024-08-17 18:18:02 - Head: (14, 15), Food: (8, 11), Move: (1, 0), Confidence: 99.99%
2024-08-17 18:18:02 - Head: (10, 11), Food: (2, 12), Move: (0, 1), Confidence: 80.84%
2024-08-17 18:18:02 - Head: (10, 12), Food: (2, 12), Move: (0, 1), Confidence: 95.82%
2024-08-17 18:18:02 - Head: (11, 12), Food: (2, 12), Move: (1, 0), Confidence: 100.00%
2024-08-17 18:18:03 - Head: (12, 12), Food: (2, 12), Move: (1, 0), Confidence: 100.00%
2024-08-17 18:18:03 - Head: (13, 12), Food: (2, 12), Move: (1, 0), Confidence: 100.00%
2024-08-17 18:18:03 - Head: (14, 12), Food: (2, 12), Move: (1, 0), Confidence: 100.00%
2024-08-17 18:18:03 - Head: (15, 12), Food: (2, 12), Move: (1, 0), Confidence: 100.00%
2024-08-17 18:18:03 - Head: (16, 12), Food: (2, 12), Move: (1, 0), Confidence: 100.00%
2024-08-17 18:18:03 - Head: (17, 12), Food: (2, 12), Move: (1, 0), Confidence: 100.00%
2024-08-17 18:18:03 - Head: (18, 12), Food: (2, 12), Move: (1, 0), Confidence: 100.00%
2024-08-17 18:18:03 - Head: (19, 12), Food: (2, 12), Move: (1, 0), Confidence: 100.00%
2024-08-17 18:18:03 - Head: (0, 12), Food: (2, 12), Move: (1, 0), Confidence: 100.00%
2024-08-17 18:18:03 - Head: (19, 12), Food: (2, 12), Move: (-1, 0), Confidence: 53.87%
2024-08-17 18:18:04 - Head: (0, 12), Food: (2, 12), Move: (1, 0), Confidence: 100.00%
2024-08-17 18:18:04 - Head: (19, 12), Food: (2, 12), Move: (-1, 0), Confidence: 53.87%
2024-08-17 18:18:04 - Head: (0, 12), Food: (2, 12), Move: (1, 0), Confidence: 100.00%
2024-08-17 18:18:04 - Head: (19, 12), Food: (2, 12), Move: (-1, 0), Confidence: 53.87%
2024-08-17 18:18:04 - Head: (0, 12), Food: (2, 12), Move: (1, 0), Confidence: 100.00%
2024-08-17 18:18:04 - Head: (19, 12), Food: (2, 12), Move: (-1, 0), Confidence: 53.87%
2024-08-17 18:18:04 - Head: (0, 12), Food: (2, 12), Move: (1, 0), Confidence: 100.00%
2024-08-17 18:18:04 - Head: (19, 12), Food: (2, 12), Move: (-1, 0), Confidence: 53.87%
2024-08-17 18:18:04 - Head: (0, 12), Food: (2, 12), Move: (1, 0), Confidence: 100.00%
2024-08-17 18:18:04 - Head: (10, 11), Food: (6, 5), Move: (0, 1), Confidence: 98.83%
2024-08-17 18:18:05 - Head: (10, 12), Food: (6, 5), Move: (0, 1), Confidence: 100.00%
2024-08-17 18:18:05 - Head: (10, 13), Food: (6, 5), Move: (0, 1), Confidence: 100.00%
2024-08-17 18:18:05 - Head: (10, 14), Food: (6, 5), Move: (0, 1), Confidence: 100.00%
2024-08-17 18:18:05 - Head: (10, 15), Food: (6, 5), Move: (0, 1), Confidence: 100.00%
2024-08-17 18:18:05 - Head: (10, 16), Food: (6, 5), Move: (0, 1), Confidence: 100.00%
2024-08-17 18:18:05 - Head: (10, 17), Food: (6, 5), Move: (0, 1), Confidence: 100.00%
2024-08-17 18:18:05 - Head: (10, 18), Food: (6, 5), Move: (0, 1), Confidence: 100.00%
2024-08-17 18:18:05 - Head: (10, 19), Food: (6, 5), Move: (0, 1), Confidence: 100.00%
2024-08-17 18:18:05 - Head: (10, 0), Food: (6, 5), Move: (0, 1), Confidence: 100.00%
2024-08-17 18:18:05 - Head: (11, 0), Food: (6, 5), Move: (1, 0), Confidence: 94.10%
2024-08-17 18:18:06 - Head: (12, 0), Food: (6, 5), Move: (1, 0), Confidence: 99.88%
2024-08-17 18:18:06 - Head: (13, 0), Food: (6, 5), Move: (1, 0), Confidence: 99.93%
2024-08-17 18:18:06 - Head: (14, 0), Food: (6, 5), Move: (1, 0), Confidence: 99.92%
2024-08-17 18:18:06 - Head: (15, 0), Food: (6, 5), Move: (1, 0), Confidence: 99.91%
2024-08-17 18:18:06 - Head: (16, 0), Food: (6, 5), Move: (1, 0), Confidence: 99.88%
2024-08-17 18:18:06 - Head: (17, 0), Food: (6, 5), Move: (1, 0), Confidence: 99.82%
2024-08-17 18:18:06 - Head: (18, 0), Food: (6, 5), Move: (1, 0), Confidence: 99.63%
2024-08-17 18:18:06 - Head: (19, 0), Food: (6, 5), Move: (1, 0), Confidence: 99.21%
2024-08-17 18:18:06 - Head: (0, 0), Food: (6, 5), Move: (1, 0), Confidence: 98.68%
2024-08-17 18:18:06 - Head: (19, 0), Food: (6, 5), Move: (-1, 0), Confidence: 93.88%
2024-08-17 18:18:07 - Head: (0, 0), Food: (6, 5), Move: (1, 0), Confidence: 98.68%
2024-08-17 18:18:07 - Head: (19, 0), Food: (6, 5), Move: (-1, 0), Confidence: 93.88%
2024-08-17 18:18:07 - Head: (0, 0), Food: (6, 5), Move: (1, 0), Confidence: 98.68%
2024-08-17 18:18:07 - Head: (19, 0), Food: (6, 5), Move: (-1, 0), Confidence: 93.88%
2024-08-17 18:18:07 - Head: (0, 0), Food: (6, 5), Move: (1, 0), Confidence: 98.68%
2024-08-17 18:18:07 - Head: (19, 0), Food: (6, 5), Move: (-1, 0), Confidence: 93.88%
2024-08-17 18:18:07 - Head: (0, 0), Food: (6, 5), Move: (1, 0), Confidence: 98.68%
2024-08-17 18:18:07 - Head: (10, 9), Food: (12, 16), Move: (0, -1), Confidence: 50.16%
2024-08-17 18:18:07 - Head: (10, 8), Food: (12, 16), Move: (0, -1), Confidence: 60.86%
2024-08-17 18:18:07 - Head: (10, 7), Food: (12, 16), Move: (0, -1), Confidence: 69.14%
2024-08-17 18:18:08 - Head: (10, 6), Food: (12, 16), Move: (0, -1), Confidence: 75.14%
2024-08-17 18:18:08 - Head: (10, 5), Food: (12, 16), Move: (0, -1), Confidence: 79.84%
2024-08-17 18:18:08 - Head: (10, 4), Food: (12, 16), Move: (0, -1), Confidence: 79.65%
2024-08-17 18:18:08 - Head: (10, 3), Food: (12, 16), Move: (0, -1), Confidence: 84.82%
2024-08-17 18:18:08 - Head: (10, 2), Food: (12, 16), Move: (0, -1), Confidence: 86.69%
2024-08-17 18:18:08 - Head: (10, 1), Food: (12, 16), Move: (0, -1), Confidence: 87.91%
2024-08-17 18:18:08 - Head: (10, 0), Food: (12, 16), Move: (0, -1), Confidence: 91.63%
2024-08-17 18:18:08 - Head: (10, 19), Food: (12, 16), Move: (0, -1), Confidence: 99.98%
2024-08-17 18:18:08 - Head: (10, 0), Food: (12, 16), Move: (0, 1), Confidence: 76.30%
2024-08-17 18:18:08 - Head: (10, 19), Food: (12, 16), Move: (0, -1), Confidence: 99.98%
2024-08-17 18:18:09 - Head: (10, 0), Food: (12, 16), Move: (0, 1), Confidence: 76.30%
2024-08-17 18:18:09 - Head: (10, 19), Food: (12, 16), Move: (0, -1), Confidence: 99.98%
2024-08-17 18:18:09 - Head: (10, 0), Food: (12, 16), Move: (0, 1), Confidence: 76.30%
2024-08-17 18:18:09 - Head: (10, 19), Food: (12, 16), Move: (0, -1), Confidence: 99.98%
2024-08-17 18:18:09 - Head: (11, 10), Food: (3, 15), Move: (1, 0), Confidence: 99.73%
2024-08-17 18:18:09 - Head: (12, 10), Food: (3, 15), Move: (1, 0), Confidence: 99.68%
2024-08-17 18:18:09 - Head: (13, 10), Food: (3, 15), Move: (1, 0), Confidence: 99.63%
2024-08-17 18:18:09 - Head: (14, 10), Food: (3, 15), Move: (1, 0), Confidence: 99.54%
2024-08-17 18:18:09 - Head: (15, 10), Food: (3, 15), Move: (1, 0), Confidence: 99.04%
2024-08-17 18:18:09 - Head: (16, 10), Food: (3, 15), Move: (1, 0), Confidence: 97.89%
2024-08-17 18:18:10 - Head: (17, 10), Food: (3, 15), Move: (1, 0), Confidence: 95.46%
2024-08-17 18:18:10 - Head: (18, 10), Food: (3, 15), Move: (1, 0), Confidence: 91.96%
2024-08-17 18:18:10 - Head: (19, 10), Food: (3, 15), Move: (1, 0), Confidence: 87.63%
2024-08-17 18:18:10 - Head: (0, 10), Food: (3, 15), Move: (1, 0), Confidence: 81.12%
2024-08-17 18:18:10 - Head: (0, 9), Food: (3, 15), Move: (0, -1), Confidence: 55.29%
2024-08-17 18:18:10 - Head: (0, 8), Food: (3, 15), Move: (0, -1), Confidence: 69.56%
2024-08-17 18:18:10 - Head: (0, 7), Food: (3, 15), Move: (0, -1), Confidence: 77.10%
2024-08-17 18:18:10 - Head: (0, 6), Food: (3, 15), Move: (0, -1), Confidence: 81.76%
2024-08-17 18:18:10 - Head: (0, 5), Food: (3, 15), Move: (0, -1), Confidence: 85.60%
2024-08-17 18:18:10 - Head: (0, 4), Food: (3, 15), Move: (0, -1), Confidence: 88.73%
2024-08-17 18:18:11 - Head: (0, 3), Food: (3, 15), Move: (0, -1), Confidence: 98.20%
2024-08-17 18:18:11 - Head: (0, 2), Food: (3, 15), Move: (0, -1), Confidence: 99.58%
2024-08-17 18:18:11 - Head: (0, 1), Food: (3, 15), Move: (0, -1), Confidence: 99.82%
2024-08-17 18:18:11 - Head: (0, 0), Food: (3, 15), Move: (0, -1), Confidence: 100.00%
2024-08-17 18:18:11 - Head: (0, 19), Food: (3, 15), Move: (0, -1), Confidence: 100.00%
2024-08-17 18:18:11 - Head: (0, 0), Food: (3, 15), Move: (0, 1), Confidence: 99.98%
2024-08-17 18:18:11 - Head: (0, 19), Food: (3, 15), Move: (0, -1), Confidence: 100.00%
2024-08-17 18:18:11 - Head: (0, 0), Food: (3, 15), Move: (0, 1), Confidence: 99.98%
2024-08-17 18:18:11 - Head: (0, 19), Food: (3, 15), Move: (0, -1), Confidence: 100.00%
2024-08-17 18:18:12 - Head: (10, 11), Food: (4, 2), Move: (0, 1), Confidence: 100.00%
2024-08-17 18:18:12 - Head: (10, 12), Food: (4, 2), Move: (0, 1), Confidence: 100.00%
2024-08-17 18:18:12 - Head: (10, 13), Food: (4, 2), Move: (0, 1), Confidence: 100.00%
2024-08-17 18:18:12 - Head: (10, 14), Food: (4, 2), Move: (0, 1), Confidence: 100.00%
2024-08-17 18:18:12 - Head: (10, 15), Food: (4, 2), Move: (0, 1), Confidence: 100.00%
2024-08-17 18:18:12 - Head: (10, 16), Food: (4, 2), Move: (0, 1), Confidence: 100.00%
2024-08-17 18:18:12 - Head: (10, 17), Food: (4, 2), Move: (0, 1), Confidence: 100.00%
2024-08-17 18:18:12 - Head: (10, 18), Food: (4, 2), Move: (0, 1), Confidence: 100.00%
2024-08-17 18:18:12 - Head: (10, 19), Food: (4, 2), Move: (0, 1), Confidence: 100.00%
2024-08-17 18:18:12 - Head: (10, 0), Food: (4, 2), Move: (0, 1), Confidence: 100.00%
2024-08-17 18:18:13 - Head: (11, 0), Food: (4, 2), Move: (1, 0), Confidence: 55.98%
2024-08-17 18:18:13 - Head: (11, 1), Food: (4, 2), Move: (0, 1), Confidence: 53.65%
2024-08-17 18:18:13 - Head: (11, 2), Food: (4, 2), Move: (0, 1), Confidence: 89.36%
2024-08-17 18:18:13 - Head: (12, 2), Food: (4, 2), Move: (1, 0), Confidence: 100.00%
2024-08-17 18:18:13 - Head: (13, 2), Food: (4, 2), Move: (1, 0), Confidence: 100.00%
2024-08-17 18:18:13 - Head: (14, 2), Food: (4, 2), Move: (1, 0), Confidence: 100.00%
2024-08-17 18:18:13 - Head: (15, 2), Food: (4, 2), Move: (1, 0), Confidence: 100.00%
2024-08-17 18:18:13 - Head: (16, 2), Food: (4, 2), Move: (1, 0), Confidence: 100.00%
2024-08-17 18:18:13 - Head: (17, 2), Food: (4, 2), Move: (1, 0), Confidence: 100.00%
2024-08-17 18:18:13 - Head: (18, 2), Food: (4, 2), Move: (1, 0), Confidence: 100.00%
2024-08-17 18:18:14 - Head: (19, 2), Food: (4, 2), Move: (1, 0), Confidence: 100.00%
2024-08-17 18:18:14 - Head: (0, 2), Food: (4, 2), Move: (1, 0), Confidence: 100.00%
2024-08-17 18:18:14 - Head: (19, 2), Food: (4, 2), Move: (-1, 0), Confidence: 69.93%
2024-08-17 18:18:14 - Head: (0, 2), Food: (4, 2), Move: (1, 0), Confidence: 100.00%
2024-08-17 18:18:14 - Head: (19, 2), Food: (4, 2), Move: (-1, 0), Confidence: 69.93%
2024-08-17 18:18:14 - Head: (0, 2), Food: (4, 2), Move: (1, 0), Confidence: 100.00%
2024-08-17 18:18:14 - Head: (19, 2), Food: (4, 2), Move: (-1, 0), Confidence: 69.93%
2024-08-17 18:18:14 - Head: (0, 2), Food: (4, 2), Move: (1, 0), Confidence: 100.00%
2024-08-17 18:18:14 - Head: (19, 2), Food: (4, 2), Move: (-1, 0), Confidence: 69.93%
2024-08-17 18:18:14 - Head: (0, 2), Food: (4, 2), Move: (1, 0), Confidence: 100.00%
2024-08-17 18:18:15 - Head: (19, 2), Food: (4, 2), Move: (-1, 0), Confidence: 69.93%
2024-08-17 18:18:15 - Head: (0, 2), Food: (4, 2), Move: (1, 0), Confidence: 100.00%
2024-08-17 18:18:15 - Head: (19, 2), Food: (4, 2), Move: (-1, 0), Confidence: 69.93%
2024-08-17 18:18:15 - Head: (0, 2), Food: (4, 2), Move: (1, 0), Confidence: 100.00%
2024-08-17 18:18:15 - Head: (19, 2), Food: (4, 2), Move: (-1, 0), Confidence: 69.93%
2024-08-17 18:18:15 - Head: (0, 2), Food: (4, 2), Move: (1, 0), Confidence: 100.00%
2024-08-17 18:18:15 - Head: (19, 2), Food: (4, 2), Move: (-1, 0), Confidence: 69.93%
